\BOOKMARK [-1][-]{part.1}{\376\377\0001\000\040\000Q\000u\000a\000n\000t\000u\000m\000\040\000E\000l\000e\000c\000t\000r\000o\000d\000y\000n\000a\000m\000i\000c\000s}{}% 1
\BOOKMARK [0][-]{chapter.1}{\376\377\000Q\000u\000a\000n\000t\000i\000z\000a\000t\000i\000o\000n\000\040\000o\000f\000\040\000t\000h\000e\000\040\000E\000l\000e\000c\000t\000r\000o\000m\000a\000g\000n\000e\000t\000i\000c\000\040\000F\000i\000e\000l\000d}{part.1}% 2
\BOOKMARK [1][-]{section.1.1}{\376\377\000D\000e\000c\000o\000m\000p\000o\000s\000i\000t\000i\000o\000n\000\040\000o\000f\000\040\000t\000h\000e\000\040\000E\000l\000e\000c\000t\000r\000o\000m\000a\000g\000n\000e\000t\000i\000c\000\040\000F\000i\000e\000l\000d\000\040\000i\000n\000t\000o\000\040\000M\000o\000d\000e\000s\000\040\000\050\000T\000y\000p\000e\000s\000\040\000o\000f\000\040\000O\000s\000c\000i\000l\000l\000a\000t\000i\000o\000n\000s\000\051}{chapter.1}% 3
\BOOKMARK [1][-]{section.1.2}{\376\377\000H\000a\000m\000i\000l\000t\000o\000n\000i\000a\000n\000\040\000F\000o\000r\000m\000\040\000o\000f\000\040\000t\000h\000e\000\040\000E\000q\000u\000a\000t\000i\000o\000n\000s\000\040\000f\000o\000r\000\040\000t\000h\000e\000\040\000F\000r\000e\000e\000\040\000E\000l\000e\000c\000t\000r\000o\000m\000a\000g\000n\000e\000t\000i\000c\000\040\000F\000i\000e\000l\000d}{chapter.1}% 4
\BOOKMARK [1][-]{section.1.3}{\376\377\000Q\000u\000a\000n\000t\000i\000z\000a\000t\000i\000o\000n\000\040\000o\000f\000\040\000t\000h\000e\000\040\000F\000r\000e\000e\000\040\000E\000l\000e\000c\000t\000r\000o\000m\000a\000g\000n\000e\000t\000i\000c\000\040\000F\000i\000e\000l\000d}{chapter.1}% 5
\BOOKMARK [1][-]{section.1.4}{\376\377\000D\000e\000c\000o\000m\000p\000o\000s\000i\000t\000i\000o\000n\000\040\000o\000f\000\040\000t\000h\000e\000\040\000f\000i\000e\000l\000d\000\040\000i\000n\000t\000o\000\040\000p\000l\000a\000n\000e\000\040\000w\000a\000v\000e\000s\000\040\000i\000n\000\040\000f\000r\000e\000e\000\040\000s\000p\000a\000c\000e}{chapter.1}% 6
\BOOKMARK [1][-]{section.1.5}{\376\377\000D\000e\000n\000s\000i\000t\000y\000\040\000o\000f\000\040\000S\000t\000a\000t\000e\000s}{chapter.1}% 7
\BOOKMARK [1][-]{section.1.6}{\376\377\000H\000a\000m\000i\000l\000t\000o\000n\000i\000a\000n\000\040\000f\000o\000r\000m\000\040\000o\000f\000\040\000t\000h\000e\000\040\000f\000i\000e\000l\000d\000\040\000e\000q\000u\000a\000t\000i\000o\000n\000s\000\040\000w\000h\000e\000n\000\040\000d\000e\000c\000o\000m\000p\000o\000s\000e\000d\000\040\000i\000n\000t\000o\000\040\000p\000l\000a\000n\000e\000\040\000w\000a\000v\000e\000s}{chapter.1}% 8
\BOOKMARK [1][-]{section.1.7}{\376\377\000Q\000u\000a\000n\000t\000i\000z\000a\000t\000i\000o\000n\000\040\000o\000f\000\040\000t\000h\000e\000\040\000E\000l\000e\000c\000t\000r\000o\000m\000a\000g\000n\000e\000t\000i\000c\000\040\000F\000i\000e\000l\000d\000\040\000i\000n\000\040\000t\000h\000e\000\040\000E\000x\000p\000a\000n\000s\000i\000o\000n\000\040\000o\000v\000e\000r\000\040\000P\000l\000a\000n\000e\000\040\000W\000a\000v\000e\000s}{chapter.1}% 9
\BOOKMARK [1][-]{section.1.8}{\376\377\000P\000r\000o\000p\000e\000r\000t\000i\000e\000s\000\040\000o\000f\000\040\000o\000p\000e\000r\000a\000t\000o\000r\000s\000\040\000\040\000\040\000\040\000a\000n\000d\000\040\000\040\000\040\040\040\000\040\000\050\000a\000n\000n\000i\000h\000i\000l\000a\000t\000i\000o\000n\000\040\000a\000n\000d\000\040\000c\000r\000e\000a\000t\000i\000o\000n\000\040\000o\000p\000e\000r\000a\000t\000o\000r\000s\000\051}{chapter.1}% 10
\BOOKMARK [1][-]{section.1.9}{\376\377\000Q\000u\000a\000n\000t\000u\000m\000\040\000s\000t\000a\000t\000e\000\040\000o\000f\000\040\000t\000h\000e\000\040\000e\000l\000e\000c\000t\000r\000o\000m\000a\000g\000n\000e\000t\000i\000c\000\040\000f\000i\000e\000l\000d\000\040\000w\000i\000t\000h\000\040\000a\000\040\000d\000e\000f\000i\000n\000i\000t\000e\000\040\000e\000n\000e\000r\000g\000y\000\040\000\050\000w\000i\000t\000h\000\040\000a\000\040\000d\000e\000f\000i\000n\000i\000t\000e\000\040\000n\000u\000m\000b\000e\000r\000\040\000o\000f\000\040\000p\000h\000o\000t\000o\000n\000s\000\051}{chapter.1}% 11
\BOOKMARK [1][-]{section.1.10}{\376\377\000M\000u\000l\000t\000i\000m\000o\000d\000e\000\040\000S\000t\000a\000t\000e\000s}{chapter.1}% 12
\BOOKMARK [1][-]{section.1.11}{\376\377\000C\000o\000h\000e\000r\000e\000n\000t\000\040\000S\000t\000a\000t\000e\000s}{chapter.1}% 13
\BOOKMARK [1][-]{section.1.12}{\376\377\000M\000i\000x\000e\000d\000\040\000S\000t\000a\000t\000e\000s\000\040\000o\000f\000\040\000t\000h\000e\000\040\000E\000l\000e\000c\000t\000r\000o\000m\000a\000g\000n\000e\000t\000i\000c\000\040\000F\000i\000e\000l\000d}{chapter.1}% 14
\BOOKMARK [1][-]{section.1.13}{\376\377\000R\000e\000p\000r\000e\000s\000e\000n\000t\000a\000t\000i\000o\000n\000\040\000o\000f\000\040\000t\000h\000e\000\040\000d\000e\000n\000s\000i\000t\000y\000\040\000o\000p\000e\000r\000a\000t\000o\000r\000\040\000t\000h\000r\000o\000u\000g\000h\000\040\000c\000o\000h\000e\000r\000e\000n\000t\000\040\000s\000t\000a\000t\000e\000s}{chapter.1}% 15
\BOOKMARK [1][-]{section.1.14}{\376\377\000E\000x\000e\000r\000c\000i\000s\000e\000s}{chapter.1}% 16
\BOOKMARK [0][-]{chapter.2}{\376\377\000I\000n\000t\000e\000r\000a\000c\000t\000i\000o\000n\000\040\000o\000f\000\040\000L\000i\000g\000h\000t\000\040\000w\000i\000t\000h\000\040\000a\000n\000\040\000A\000t\000o\000m}{part.1}% 17
\BOOKMARK [1][-]{section.2.1}{\376\377\000R\000a\000d\000i\000a\000t\000i\000o\000n\000\040\000a\000n\000d\000\040\000A\000b\000s\000o\000r\000p\000t\000i\000o\000n\000\040\000o\000f\000\040\000L\000i\000g\000h\000t\000\040\000b\000y\000\040\000a\000n\000\040\000A\000t\000o\000m}{chapter.2}% 18
\BOOKMARK [1][-]{section.2.2}{\376\377\000H\000a\000m\000i\000l\000t\000o\000n\000i\000a\000n\000\040\000o\000f\000\040\000t\000h\000e\000\040\000a\000t\000o\000m\000-\000f\000i\000e\000l\000d\000\040\000s\000y\000s\000t\000e\000m}{chapter.2}% 19
\BOOKMARK [1][-]{section.2.3}{\376\377\000I\000n\000t\000e\000r\000a\000c\000t\000i\000o\000n\000\040\000o\000f\000\040\000a\000n\000\040\000a\000t\000o\000m\000\040\000w\000i\000t\000h\000\040\000a\000\040\000m\000o\000d\000e\000\040\000o\000f\000\040\000t\000h\000e\000\040\000e\000l\000e\000c\000t\000r\000o\000m\000a\000g\000n\000e\000t\000i\000c\000\040\000f\000i\000e\000l\000d}{chapter.2}% 20
\BOOKMARK [1][-]{section.2.4}{\376\377\000R\000a\000m\000s\000e\000y\000\040\000I\000n\000t\000e\000r\000f\000e\000r\000o\000m\000e\000t\000e\000r\000.\000\040\000Q\000u\000a\000n\000t\000u\000m\000\040\000N\000o\000n\000-\000D\000e\000m\000o\000l\000i\000t\000i\000o\000n\000\040\000M\000e\000a\000s\000u\000r\000e\000m\000e\000n\000t\000s}{chapter.2}% 21
\BOOKMARK [1][-]{section.2.5}{\376\377\000I\000n\000t\000e\000r\000a\000c\000t\000i\000o\000n\000\040\000o\000f\000\040\000a\000n\000\040\000a\000t\000o\000m\000\040\000w\000i\000t\000h\000\040\000a\000\040\000m\000u\000l\000t\000i\000m\000o\000d\000e\000\040\000f\000i\000e\000l\000d\000.\000\040\000I\000n\000d\000u\000c\000e\000d\000\040\000a\000n\000d\000\040\000s\000p\000o\000n\000t\000a\000n\000e\000o\000u\000s\000\040\000t\000r\000a\000n\000s\000i\000t\000i\000o\000n\000s}{chapter.2}% 22
\BOOKMARK [2][-]{subsection.2.5.1}{\376\377\000I\000n\000d\000u\000c\000e\000d\000\040\000t\000r\000a\000n\000s\000i\000t\000i\000o\000n\000s}{section.2.5}% 23
\BOOKMARK [2][-]{subsection.2.5.2}{\376\377\000S\000p\000o\000n\000t\000a\000n\000e\000o\000u\000s\000\040\000t\000r\000a\000n\000s\000i\000t\000i\000o\000n\000s}{section.2.5}% 24
\BOOKMARK [1][-]{section.2.6}{\376\377\000S\000p\000o\000n\000t\000a\000n\000e\000o\000u\000s\000\040\000E\000m\000i\000s\000s\000i\000o\000n\000.\000\040\000\040\000W\000e\000i\000s\000s\000k\000o\000p\000f\000-\000W\000i\000g\000n\000e\000r\000\040\000A\000p\000p\000r\000o\000x\000i\000m\000a\000t\000i\000o\000n\000.}{chapter.2}% 25
\BOOKMARK [1][-]{section.2.7}{\376\377\000R\000e\000l\000a\000x\000a\000t\000i\000o\000n\000\040\000o\000f\000\040\000a\000\040\000d\000y\000n\000a\000m\000i\000c\000a\000l\000\040\000s\000y\000s\000t\000e\000m\000.\000\040\000D\000e\000n\000s\000i\000t\000y\000\040\000m\000a\000t\000r\000i\000x\000\040\000m\000e\000t\000h\000o\000d}{chapter.2}% 26
\BOOKMARK [1][-]{section.2.8}{\376\377\000I\000n\000t\000e\000r\000a\000c\000t\000i\000o\000n\000\040\000o\000f\000\040\000t\000h\000e\000\040\000r\000e\000s\000o\000n\000a\000t\000o\000r\000\040\000e\000l\000e\000c\000t\000r\000o\000m\000a\000g\000n\000e\000t\000i\000c\000\040\000f\000i\000e\000l\000d\000\040\000w\000i\000t\000h\000\040\000a\000n\000\040\000a\000t\000o\000m\000\040\000r\000e\000s\000e\000r\000v\000o\000i\000r\000\040\000a\000t\000\040\000t\000e\000m\000p\000e\000r\000a\000t\000u\000r\000e\000\040\000T}{chapter.2}% 27
\BOOKMARK [1][-]{section.2.9}{\376\377\000E\000q\000u\000a\000t\000i\000o\000n\000\040\000f\000o\000r\000\040\000t\000h\000e\000\040\000f\000i\000e\000l\000d\000\040\000d\000e\000n\000s\000i\000t\000y\000\040\000m\000a\000t\000r\000i\000x\000\040\000i\000n\000\040\000t\000h\000e\000\040\000n\000u\000m\000b\000e\000r\000\040\000r\000e\000p\000r\000e\000s\000e\000n\000t\000a\000t\000i\000o\000n}{chapter.2}% 28
\BOOKMARK [1][-]{section.2.10}{\376\377\000E\000q\000u\000a\000t\000i\000o\000n\000\040\000o\000f\000\040\000m\000o\000t\000i\000o\000n\000\040\000f\000o\000r\000\040\000t\000h\000e\000\040\000s\000t\000a\000t\000i\000s\000t\000i\000c\000a\000l\000\040\000o\000p\000e\000r\000a\000t\000o\000r\000\040\000o\000f\000\040\000t\000h\000e\000\040\000m\000o\000d\000e\000\040\000f\000i\000e\000l\000d\000\040\000i\000n\000\040\000t\000h\000e\000\040\000c\000o\000h\000e\000r\000e\000n\000t\000\040\000s\000t\000a\000t\000e\000\040\000r\000e\000p\000r\000e\000s\000e\000n\000t\000a\000t\000i\000o\000n}{chapter.2}% 29
\BOOKMARK [1][-]{section.2.11}{\376\377\000G\000e\000n\000e\000r\000a\000l\000\040\000T\000h\000e\000o\000r\000y\000\040\000o\000f\000\040\000I\000n\000t\000e\000r\000a\000c\000t\000i\000o\000n\000\040\000o\000f\000\040\000a\000\040\000D\000y\000n\000a\000m\000i\000c\000\040\000S\000y\000s\000t\000e\000m\000\040\000w\000i\000t\000h\000\040\000a\000\040\000T\000h\000e\000r\000m\000o\000s\000t\000a\000t}{chapter.2}% 30
\BOOKMARK [1][-]{section.2.12}{\376\377\000R\000e\000l\000a\000x\000a\000t\000i\000o\000n\000\040\000o\000f\000\040\000a\000n\000\040\000a\000t\000o\000m\000\040\000i\000n\000\040\000t\000h\000e\000\040\000c\000a\000s\000e\000\040\000o\000f\000\040\000t\000h\000e\000\040\000s\000i\000m\000p\000l\000e\000s\000t\000\040\000r\000e\000s\000e\000r\000v\000o\000i\000r\000\040\000c\000o\000n\000s\000i\000s\000t\000i\000n\000g\000\040\000o\000f\000\040\000h\000a\000r\000m\000o\000n\000i\000c\000\040\000o\000s\000c\000i\000l\000l\000a\000t\000o\000r\000s}{chapter.2}% 31
\BOOKMARK [1][-]{section.2.13}{\376\377\000D\000a\000m\000p\000i\000n\000g\000\040\000o\000f\000\040\000t\000h\000e\000\040\000R\000e\000s\000o\000n\000a\000t\000o\000r\000\040\000M\000o\000d\000e\000.\000\040\000H\000e\000i\000s\000e\000n\000b\000e\000r\000g\000-\000L\000a\000n\000g\000e\000v\000i\000n\000\040\000E\000q\000u\000a\000t\000i\000o\000n\000.}{chapter.2}% 32
\BOOKMARK [2][-]{subsection.2.13.1}{\376\377\000P\000r\000o\000b\000l\000e\000m\000\040\000S\000t\000a\000t\000e\000m\000e\000n\000t\000.}{section.2.13}% 33
\BOOKMARK [2][-]{subsection.2.13.2}{\376\377\000H\000e\000i\000s\000e\000n\000b\000e\000r\000g\000\040\000E\000q\000u\000a\000t\000i\000o\000n\000s\000\040\000o\000f\000\040\000M\000o\000t\000i\000o\000n\000\040\000f\000o\000r\000\040\000O\000p\000e\000r\000a\000t\000o\000r\000s\000.}{section.2.13}% 34
\BOOKMARK [2][-]{subsection.2.13.3}{\376\377\000F\000l\000u\000c\000t\000u\000a\000t\000i\000o\000n\000-\000D\000i\000s\000s\000i\000p\000a\000t\000i\000o\000n\000\040\000F\000o\000r\000m\000u\000l\000a}{section.2.13}% 35
\BOOKMARK [1][-]{section.2.14}{\376\377\000E\000x\000e\000r\000c\000i\000s\000e\000s}{chapter.2}% 36
\BOOKMARK [-1][-]{part.2}{\376\377\0002\000\040\000Q\000u\000a\000n\000t\000u\000m\000\040\000O\000p\000t\000i\000c\000s}{}% 37
\BOOKMARK [0][-]{chapter.3}{\376\377\000Q\000u\000a\000n\000t\000u\000m\000\040\000T\000h\000e\000o\000r\000y\000\040\000o\000f\000\040\000t\000h\000e\000\040\000L\000a\000s\000e\000r}{part.2}% 38
\BOOKMARK [1][-]{section.3.1}{\376\377\000L\000a\000s\000e\000r\000\040\000M\000o\000d\000e\000l}{chapter.3}% 39
\BOOKMARK [1][-]{section.3.2}{\376\377\000T\000h\000e\000o\000r\000y\000\040\000o\000f\000\040\000L\000a\000s\000e\000r\000\040\000G\000e\000n\000e\000r\000a\000t\000i\000o\000n}{chapter.3}% 40
\BOOKMARK [1][-]{section.3.3}{\376\377\000S\000t\000a\000t\000i\000s\000t\000i\000c\000s\000\040\000o\000f\000\040\000L\000a\000s\000e\000r\000\040\000P\000h\000o\000t\000o\000n\000s}{chapter.3}% 41
\BOOKMARK [1][-]{section.3.4}{\376\377\000L\000a\000s\000e\000r\000\040\000t\000h\000e\000o\000r\000y\000.\000\040\000R\000e\000p\000r\000e\000s\000e\000n\000t\000a\000t\000i\000o\000n\000\040\000o\000f\000\040\000c\000o\000h\000e\000r\000e\000n\000t\000\040\000s\000t\000a\000t\000e\000s}{chapter.3}% 42
\BOOKMARK [1][-]{section.3.5}{\376\377\000E\000x\000e\000r\000c\000i\000s\000e\000s}{chapter.3}% 43
\BOOKMARK [0][-]{chapter.4}{\376\377\000Q\000u\000a\000n\000t\000u\000m\000\040\000T\000h\000e\000o\000r\000y\000\040\000o\000f\000\040\000t\000h\000e\000\040\000L\000a\000s\000e\000r\000\040\000i\000n\000\040\000t\000h\000e\000\040\000H\000e\000i\000s\000e\000n\000b\000e\000r\000g\000\040\000R\000e\000p\000r\000e\000s\000e\000n\000t\000a\000t\000i\000o\000n}{part.2}% 44
\BOOKMARK [1][-]{section.4.1}{\376\377\000L\000a\000s\000e\000r\000\040\000M\000o\000d\000e\000l}{chapter.4}% 45
\BOOKMARK [1][-]{section.4.2}{\376\377\000H\000e\000i\000s\000e\000n\000b\000e\000r\000g\000\040\000e\000q\000u\000a\000t\000i\000o\000n\000\040\000f\000o\000r\000\040\000t\000h\000e\000\040\000l\000a\000s\000e\000r\000\040\000s\000y\000s\000t\000e\000m}{chapter.4}% 46
\BOOKMARK [2][-]{subsection.4.2.1}{\376\377\000E\000q\000u\000a\000t\000i\000o\000n\000s\000\040\000o\000f\000\040\000m\000o\000t\000i\000o\000n\000\040\000o\000f\000\040\000t\000h\000e\000\040\000a\000t\000o\000m\000i\000c\000\040\000s\000u\000b\000s\000y\000s\000t\000e\000m}{section.4.2}% 47
\BOOKMARK [2][-]{subsection.4.2.2}{\376\377\000E\000q\000u\000a\000t\000i\000o\000n\000s\000\040\000o\000f\000\040\000m\000o\000t\000i\000o\000n\000\040\000f\000o\000r\000\040\000m\000a\000c\000r\000o\000s\000c\000o\000p\000i\000c\000\040\000v\000a\000r\000i\000a\000b\000l\000e\000s}{section.4.2}% 48
\BOOKMARK [2][-]{subsection.4.2.3}{\376\377\000E\000q\000u\000a\000t\000i\000o\000n\000s\000\040\000o\000f\000\040\000m\000o\000t\000i\000o\000n\000\040\000f\000o\000r\000\040\000t\000h\000e\000\040\000e\000l\000e\000c\000t\000r\000o\000m\000a\000g\000n\000e\000t\000i\000c\000\040\000f\000i\000e\000l\000d}{section.4.2}% 49
\BOOKMARK [1][-]{section.4.3}{\376\377\000H\000e\000i\000s\000e\000n\000b\000e\000r\000g\000-\000L\000a\000n\000g\000e\000v\000i\000n\000\040\000E\000q\000u\000a\000t\000i\000o\000n\000\040\000S\000y\000s\000t\000e\000m\000\040\000D\000e\000s\000c\000r\000i\000b\000i\000n\000g\000\040\000t\000h\000e\000\040\000L\000a\000s\000e\000r}{chapter.4}% 50
\BOOKMARK [1][-]{section.4.4}{\376\377\000N\000a\000t\000u\000r\000a\000l\000\040\000l\000i\000n\000e\000w\000i\000d\000t\000h\000\040\000o\000f\000\040\000e\000m\000i\000s\000s\000i\000o\000n}{chapter.4}% 51
\BOOKMARK [1][-]{section.4.5}{\376\377\000E\000x\000e\000r\000c\000i\000s\000e\000s}{chapter.4}% 52
\BOOKMARK [0][-]{chapter.5}{\376\377\000P\000h\000o\000t\000o\000n\000\040\000O\000p\000t\000i\000c\000s\000\040\000\050\000Q\000u\000a\000n\000t\000u\000m\000\040\000P\000h\000e\000n\000o\000m\000e\000n\000a\000\040\000i\000n\000\040\000O\000p\000t\000i\000c\000s\000\051}{part.2}% 53
\BOOKMARK [1][-]{section.5.1}{\376\377\000P\000h\000o\000t\000o\000e\000f\000f\000e\000c\000t}{chapter.5}% 54
\BOOKMARK [1][-]{section.5.2}{\376\377\000C\000o\000h\000e\000r\000e\000n\000t\000\040\000P\000r\000o\000p\000e\000r\000t\000i\000e\000s\000\040\000o\000f\000\040\000L\000i\000g\000h\000t}{chapter.5}% 55
\BOOKMARK [1][-]{section.5.3}{\376\377\000S\000e\000c\000o\000n\000d\000-\000O\000r\000d\000e\000r\000\040\000C\000o\000h\000e\000r\000e\000n\000c\000e}{chapter.5}% 56
\BOOKMARK [1][-]{section.5.4}{\376\377\000H\000i\000g\000h\000e\000r\000-\000O\000r\000d\000e\000r\000\040\000C\000o\000h\000e\000r\000e\000n\000c\000e}{chapter.5}% 57
\BOOKMARK [1][-]{section.5.5}{\376\377\000P\000h\000o\000t\000o\000n\000\040\000C\000o\000u\000n\000t\000i\000n\000g\000\040\000a\000n\000d\000\040\000S\000t\000a\000t\000i\000s\000t\000i\000c\000s}{chapter.5}% 58
\BOOKMARK [1][-]{section.5.6}{\376\377\000C\000o\000n\000n\000e\000c\000t\000i\000o\000n\000\040\000o\000f\000\040\000p\000h\000o\000t\000o\000n\000\040\000s\000t\000a\000t\000i\000s\000t\000i\000c\000s\000\040\000w\000i\000t\000h\000\040\000p\000h\000o\000t\000o\000e\000l\000e\000c\000t\000r\000o\000n\000\040\000c\000o\000u\000n\000t\000\040\000s\000t\000a\000t\000i\000s\000t\000i\000c\000s}{chapter.5}% 59
\BOOKMARK [1][-]{section.5.7}{\376\377\000P\000h\000o\000t\000o\000c\000o\000u\000n\000t\000\040\000d\000i\000s\000t\000r\000i\000b\000u\000t\000i\000o\000n\000\040\000f\000o\000r\000\040\000c\000o\000h\000e\000r\000e\000n\000t\000\040\000a\000n\000d\000\040\000c\000h\000a\000o\000t\000i\000c\000\040\000l\000i\000g\000h\000t}{chapter.5}% 60
\BOOKMARK [1][-]{section.5.8}{\376\377\000D\000e\000t\000e\000r\000m\000i\000n\000a\000t\000i\000o\000n\000\040\000o\000f\000\040\000p\000h\000o\000t\000o\000n\000\040\000s\000t\000a\000t\000i\000s\000t\000i\000c\000s\000\040\000t\000h\000r\000o\000u\000g\000h\000\040\000t\000h\000e\000\040\000d\000i\000s\000t\000r\000i\000b\000u\000t\000i\000o\000n\000\040\000o\000f\000\040\000p\000h\000o\000t\000o\000c\000o\000u\000n\000t\000s}{chapter.5}% 61
\BOOKMARK [1][-]{section.5.9}{\376\377\000Q\000u\000a\000n\000t\000u\000m\000\040\000e\000x\000p\000r\000e\000s\000s\000i\000o\000n\000\040\000f\000o\000r\000\040\000t\000h\000e\000\040\000p\000h\000o\000t\000o\000c\000o\000u\000n\000t\000\040\000d\000i\000s\000t\000r\000i\000b\000u\000t\000i\000o\000n}{chapter.5}% 62
\BOOKMARK [1][-]{section.5.10}{\376\377\000E\000x\000p\000e\000r\000i\000m\000e\000n\000t\000s\000\040\000o\000n\000\040\000p\000h\000o\000t\000o\000n\000\040\000c\000o\000u\000n\000t\000i\000n\000g\000.\000\040\000A\000p\000p\000l\000i\000c\000a\000t\000i\000o\000n\000\040\000o\000f\000\040\000p\000h\000o\000t\000o\000n\000\040\000c\000o\000u\000n\000t\000i\000n\000g\000\040\000t\000e\000c\000h\000n\000i\000q\000u\000e\000\040\000f\000o\000r\000\040\000s\000p\000e\000c\000t\000r\000a\000l\000\040\000m\000e\000a\000s\000u\000r\000e\000m\000e\000n\000t\000s}{chapter.5}% 63
\BOOKMARK [1][-]{section.5.11}{\376\377\000E\000x\000e\000r\000c\000i\000s\000e\000s}{chapter.5}% 64
\BOOKMARK [0][-]{chapter.6}{\376\377\000Q\000u\000a\000n\000t\000u\000m\000\040\000D\000e\000s\000c\000r\000i\000p\000t\000i\000o\000n\000\040\000o\000f\000\040\000O\000p\000t\000i\000c\000a\000l\000\040\000I\000n\000t\000e\000r\000f\000e\000r\000e\000n\000c\000e\000\040\000E\000x\000p\000e\000r\000i\000m\000e\000n\000t\000s}{part.2}% 65
\BOOKMARK [1][-]{section.6.1}{\376\377\000G\000e\000n\000e\000r\000a\000l\000\040\000C\000o\000n\000s\000i\000d\000e\000r\000a\000t\000i\000o\000n\000s}{chapter.6}% 66
\BOOKMARK [1][-]{section.6.2}{\376\377\000O\000p\000e\000r\000a\000t\000o\000r\000\040\000r\000e\000l\000a\000t\000i\000o\000n\000s}{chapter.6}% 67
\BOOKMARK [1][-]{section.6.3}{\376\377\000M\000a\000c\000h\000-\000Z\000e\000h\000n\000d\000e\000r\000\040\000I\000n\000t\000e\000r\000f\000e\000r\000o\000m\000e\000t\000e\000r\000.\000\040\000E\000r\000r\000o\000r\000\040\000o\000f\000\040\000P\000h\000a\000s\000e\000\040\000M\000e\000a\000s\000u\000r\000e\000m\000e\000n\000t\000s\000.}{chapter.6}% 68
\BOOKMARK [2][-]{subsection.6.3.1}{\376\377\000I\000n\000t\000e\000r\000f\000e\000r\000o\000m\000e\000t\000e\000r\000\040\000E\000q\000u\000a\000t\000i\000o\000n}{section.6.3}% 69
\BOOKMARK [2][-]{subsection.6.3.2}{\376\377\000M\000e\000a\000s\000u\000r\000e\000m\000e\000n\000t\000\040\000A\000c\000c\000u\000r\000a\000c\000y\000\040\000o\000f\000\040\000t\000h\000e\000\040\000I\000n\000t\000e\000r\000f\000e\000r\000o\000m\000e\000t\000e\000r}{section.6.3}% 70
\BOOKMARK [1][-]{section.6.4}{\376\377\000E\000x\000e\000r\000c\000i\000s\000e\000s}{chapter.6}% 71
\BOOKMARK [0][-]{chapter.7}{\376\377\000Q\000u\000a\000n\000t\000u\000m\000\040\000D\000e\000s\000c\000r\000i\000p\000t\000i\000o\000n\000\040\000o\000f\000\040\000t\000h\000e\000\040\000P\000o\000l\000a\000r\000i\000z\000a\000t\000i\000o\000n\000\040\000P\000r\000o\000p\000e\000r\000t\000i\000e\000s\000\040\000o\000f\000\040\000L\000i\000g\000h\000t}{part.2}% 72
\BOOKMARK [1][-]{section.7.1}{\376\377\000C\000l\000a\000s\000s\000i\000c\000a\000l\000\040\000d\000e\000s\000c\000r\000i\000p\000t\000i\000o\000n\000\040\000o\000f\000\040\000p\000o\000l\000a\000r\000i\000z\000a\000t\000i\000o\000n\000\040\000p\000r\000o\000p\000e\000r\000t\000i\000e\000s\000\040\000o\000f\000\040\000l\000i\000g\000h\000t}{chapter.7}% 73
\BOOKMARK [1][-]{section.7.2}{\376\377\000Q\000u\000a\000n\000t\000u\000m\000\040\000d\000e\000s\000c\000r\000i\000p\000t\000i\000o\000n\000\040\000o\000f\000\040\000t\000h\000e\000\040\000p\000o\000l\000a\000r\000i\000z\000a\000t\000i\000o\000n\000\040\000p\000r\000o\000p\000e\000r\000t\000i\000e\000s\000\040\000o\000f\000\040\000l\000i\000g\000h\000t}{chapter.7}% 74
\BOOKMARK [1][-]{section.7.3}{\376\377\000E\000x\000e\000r\000c\000i\000s\000e\000s}{chapter.7}% 75
\BOOKMARK [-1][-]{part.3}{\376\377\0003\000\040\000N\000o\000n\000c\000l\000a\000s\000s\000i\000c\000a\000l\000\040\000L\000i\000g\000h\000t}{}% 76
\BOOKMARK [0][-]{chapter.8}{\376\377\000N\000o\000n\000c\000l\000a\000s\000s\000i\000c\000a\000l\000\040\000L\000i\000g\000h\000t}{part.3}% 77
\BOOKMARK [0][-]{chapter.9}{\376\377\000S\000q\000u\000e\000e\000z\000e\000d\000\040\000S\000t\000a\000t\000e\000s}{part.3}% 78
\BOOKMARK [1][-]{section.9.1}{\376\377\000H\000e\000i\000s\000e\000n\000b\000e\000r\000g\000\040\000U\000n\000c\000e\000r\000t\000a\000i\000n\000t\000y\000\040\000R\000e\000l\000a\000t\000i\000o\000n}{chapter.9}% 79
\BOOKMARK [1][-]{section.9.2}{\376\377\000O\000p\000e\000r\000a\000t\000o\000r\000s\000\040\000o\000f\000\040\000Q\000u\000a\000d\000r\000a\000t\000u\000r\000e\000\040\000C\000o\000m\000p\000o\000n\000e\000n\000t\000s\000\040\000o\000f\000\040\000t\000h\000e\000\040\000E\000l\000e\000c\000t\000r\000o\000m\000a\000g\000n\000e\000t\000i\000c\000\040\000F\000i\000e\000l\000d}{chapter.9}% 80
\BOOKMARK [1][-]{section.9.3}{\376\377\000S\000q\000u\000e\000e\000z\000e\000d\000\040\000Q\000u\000a\000d\000r\000a\000t\000u\000r\000e\000\040\000S\000t\000a\000t\000e}{chapter.9}% 81
\BOOKMARK [1][-]{section.9.4}{\376\377\000G\000e\000n\000e\000r\000a\000t\000i\000o\000n\000\040\000o\000f\000\040\000Q\000u\000a\000d\000r\000a\000t\000u\000r\000e\000-\000S\000q\000u\000e\000e\000z\000e\000d\000\040\000S\000t\000a\000t\000e\000s}{chapter.9}% 82
\BOOKMARK [1][-]{section.9.5}{\376\377\000O\000b\000s\000e\000r\000v\000a\000t\000i\000o\000n\000\040\000o\000f\000\040\000t\000h\000e\000\040\000s\000q\000u\000e\000e\000z\000e\000d\000\040\000s\000t\000a\000t\000e\000.\000\040\000M\000e\000a\000s\000u\000r\000e\000m\000e\000n\000t\000\040\000o\000f\000\040\000t\000h\000e\000\040\000s\000q\000u\000e\000e\000z\000i\000n\000g\000\040\000d\000e\000g\000r\000e\000e}{chapter.9}% 83
\BOOKMARK [2][-]{subsection.9.5.1}{\376\377\000B\000a\000l\000a\000n\000c\000e\000d\000\040\000h\000o\000m\000o\000d\000y\000n\000e\000\040\000d\000e\000t\000e\000c\000t\000o\000r\000\040\000s\000c\000h\000e\000m\000e}{section.9.5}% 84
\BOOKMARK [1][-]{section.9.6}{\376\377\000I\000n\000t\000e\000r\000f\000e\000r\000e\000n\000c\000e\000\040\000M\000e\000a\000s\000u\000r\000e\000m\000e\000n\000t\000s\000\040\000U\000s\000i\000n\000g\000\040\000S\000q\000u\000e\000e\000z\000e\000d\000\040\000L\000i\000g\000h\000t}{chapter.9}% 85
\BOOKMARK [1][-]{section.9.7}{\376\377\000S\000q\000u\000e\000e\000z\000e\000d\000\040\000l\000i\000g\000h\000t\000\040\000i\000n\000\040\000n\000o\000n\000l\000i\000n\000e\000a\000r\000\040\000p\000h\000e\000n\000o\000m\000e\000n\000a}{chapter.9}% 86
\BOOKMARK [1][-]{section.9.8}{\376\377\000N\000o\000n\000c\000l\000a\000s\000s\000i\000c\000a\000l\000i\000t\000y\000\040\000o\000f\000\040\000t\000h\000e\000\040\000S\000q\000u\000e\000e\000z\000e\000d\000\040\000S\000t\000a\000t\000e}{chapter.9}% 87
\BOOKMARK [1][-]{section.9.9}{\376\377\000S\000e\000c\000o\000n\000d\000-\000O\000r\000d\000e\000r\000\040\000C\000o\000h\000e\000r\000e\000n\000c\000e\000\040\000f\000o\000r\000\040\000t\000h\000e\000\040\000S\000q\000u\000e\000e\000z\000e\000d\000\040\000V\000a\000c\000u\000u\000m}{chapter.9}% 88
\BOOKMARK [1][-]{section.9.10}{\376\377\000E\000x\000e\000r\000c\000i\000s\000e\000s}{chapter.9}% 89
\BOOKMARK [0][-]{chapter.10}{\376\377\000E\000n\000t\000a\000n\000g\000l\000e\000d\000\040\000S\000t\000a\000t\000e\000s}{part.3}% 90
\BOOKMARK [1][-]{section.10.1}{\376\377\000E\000P\000R\000\040\000P\000a\000r\000a\000d\000o\000x\000\040\000f\000o\000r\000\040\000S\000t\000o\000k\000e\000s\000\040\000P\000a\000r\000a\000m\000e\000t\000e\000r\000s\000\040\000a\000n\000d\000\040\000E\000n\000t\000a\000n\000g\000l\000e\000d\000\040\000S\000t\000a\000t\000e\000s}{chapter.10}% 91
\BOOKMARK [1][-]{section.10.2}{\376\377\000B\000e\000l\000l\000\040\000I\000n\000e\000q\000u\000a\000l\000i\000t\000y\000\040\000f\000o\000r\000\040\000S\000t\000o\000k\000e\000s\000\040\000P\000a\000r\000a\000m\000e\000t\000e\000r\000s}{chapter.10}% 92
\BOOKMARK [1][-]{section.10.3}{\376\377\000B\000e\000l\000l\000\040\000B\000a\000s\000i\000s\000\040\000S\000t\000a\000t\000e\000s}{chapter.10}% 93
\BOOKMARK [1][-]{section.10.4}{\376\377\000G\000e\000n\000e\000r\000a\000t\000i\000o\000n\000\040\000o\000f\000\040\000B\000e\000l\000l\000\040\000S\000t\000a\000t\000e\000s}{chapter.10}% 94
\BOOKMARK [1][-]{section.10.5}{\376\377\000R\000e\000g\000i\000s\000t\000r\000a\000t\000i\000o\000n\000\040\000o\000f\000\040\000B\000e\000l\000l\000\040\000S\000t\000a\000t\000e\000s}{chapter.10}% 95
\BOOKMARK [1][-]{section.10.6}{\376\377\000N\000o\000-\000C\000l\000o\000n\000i\000n\000g\000\040\000T\000h\000e\000o\000r\000e\000m\000\040\000a\000n\000d\000\040\000Q\000u\000a\000n\000t\000u\000m\000\040\000T\000e\000l\000e\000p\000o\000r\000t\000a\000t\000i\000o\000n\000.}{chapter.10}% 96
\BOOKMARK [1][-]{section.10.7}{\376\377\000Q\000u\000a\000n\000t\000u\000m\000\040\000P\000s\000e\000u\000d\000o\000-\000T\000e\000l\000e\000p\000a\000t\000h\000i\000c\000\040\000G\000a\000m\000e\000s}{chapter.10}% 97
\BOOKMARK [2][-]{subsection.10.7.1}{\376\377\000G\000a\000m\000e\000\040\000D\000e\000s\000c\000r\000i\000p\000t\000i\000o\000n}{section.10.7}% 98
\BOOKMARK [2][-]{subsection.10.7.2}{\376\377\000C\000l\000a\000s\000s\000i\000c\000a\000l\000\040\000S\000t\000r\000a\000t\000e\000g\000y}{section.10.7}% 99
\BOOKMARK [2][-]{subsection.10.7.3}{\376\377\000Q\000u\000a\000n\000t\000u\000m\000\040\000S\000t\000r\000a\000t\000e\000g\000y}{section.10.7}% 100
\BOOKMARK [1][-]{section.10.8}{\376\377\000E\000x\000e\000r\000c\000i\000s\000e\000s}{chapter.10}% 101
\BOOKMARK [-1][-]{part.4}{\376\377\0004\000\040\000Q\000u\000a\000n\000t\000u\000m\000\040\000I\000n\000f\000o\000r\000m\000a\000t\000i\000o\000n\000\040\000T\000h\000e\000o\000r\000y}{}% 102
\BOOKMARK [0][-]{chapter.11}{\376\377\000I\000n\000t\000r\000o\000d\000u\000c\000t\000i\000o\000n\000\040\000t\000o\000\040\000Q\000u\000a\000n\000t\000u\000m\000\040\000I\000n\000f\000o\000r\000m\000a\000t\000i\000o\000n\000\040\000T\000h\000e\000o\000r\000y}{part.4}% 103
\BOOKMARK [1][-]{section.11.1}{\376\377\000I\000n\000f\000o\000r\000m\000a\000t\000i\000o\000n\000\040\000a\000n\000d\000\040\000E\000n\000t\000r\000o\000p\000y}{chapter.11}% 104
\BOOKMARK [2][-]{subsection.11.1.1}{\376\377\000E\000n\000t\000r\000o\000p\000y\000\040\000i\000n\000\040\000C\000l\000a\000s\000s\000i\000c\000a\000l\000\040\000I\000n\000f\000o\000r\000m\000a\000t\000i\000o\000n\000\040\000T\000h\000e\000o\000r\000y}{section.11.1}% 105
\BOOKMARK [2][-]{subsection.11.1.2}{\376\377\000E\000n\000t\000r\000o\000p\000y\000\040\000i\000n\000\040\000Q\000u\000a\000n\000t\000u\000m\000\040\000S\000y\000s\000t\000e\000m\000s}{section.11.1}% 106
\BOOKMARK [1][-]{section.11.2}{\376\377\000I\000n\000f\000o\000r\000m\000a\000t\000i\000o\000n\000\040\000T\000r\000a\000n\000s\000m\000i\000s\000s\000i\000o\000n\000.\000\040\000C\000o\000m\000m\000u\000n\000i\000c\000a\000t\000i\000o\000n\000\040\000C\000h\000a\000n\000n\000e\000l\000.}{chapter.11}% 107
\BOOKMARK [2][-]{subsection.11.2.1}{\376\377\000C\000l\000a\000s\000s\000i\000c\000a\000l\000\040\000C\000o\000m\000m\000u\000n\000i\000c\000a\000t\000i\000o\000n\000\040\000C\000h\000a\000n\000n\000e\000l}{section.11.2}% 108
\BOOKMARK [2][-]{subsection.11.2.2}{\376\377\000Q\000u\000a\000n\000t\000u\000m\000\040\000C\000o\000m\000m\000u\000n\000i\000c\000a\000t\000i\000o\000n\000\040\000C\000h\000a\000n\000n\000e\000l}{section.11.2}% 109
\BOOKMARK [2][-]{subsection.11.2.3}{\376\377\000Q\000u\000a\000n\000t\000u\000m\000\040\000D\000e\000n\000s\000e\000\040\000C\000o\000d\000i\000n\000g}{section.11.2}% 110
\BOOKMARK [1][-]{section.11.3}{\376\377\000I\000n\000f\000o\000r\000m\000a\000t\000i\000o\000n\000\040\000E\000n\000c\000o\000d\000i\000n\000g}{chapter.11}% 111
\BOOKMARK [2][-]{subsection.11.3.1}{\376\377\000S\000h\000a\000n\000n\000o\000n\000'\000s\000\040\000C\000o\000d\000i\000n\000g\000\040\000T\000h\000e\000o\000r\000e\000m}{section.11.3}% 112
\BOOKMARK [2][-]{subsection.11.3.2}{\376\377\000Q\000u\000a\000n\000t\000u\000m\000\040\000C\000o\000d\000i\000n\000g\000\040\000T\000h\000e\000o\000r\000e\000m}{section.11.3}% 113
\BOOKMARK [1][-]{section.11.4}{\376\377\000E\000x\000e\000r\000c\000i\000s\000e\000s}{chapter.11}% 114
\BOOKMARK [0][-]{chapter.12}{\376\377\000C\000r\000y\000p\000t\000o\000g\000r\000a\000p\000h\000y}{part.4}% 115
\BOOKMARK [1][-]{section.12.1}{\376\377\000O\000n\000e\000-\000T\000i\000m\000e\000\040\000P\000a\000d}{chapter.12}% 116
\BOOKMARK [1][-]{section.12.2}{\376\377\000P\000r\000o\000b\000l\000e\000m\000s\000\040\000o\000f\000\040\000C\000l\000a\000s\000s\000i\000c\000a\000l\000\040\000C\000r\000y\000p\000t\000o\000g\000r\000a\000p\000h\000y}{chapter.12}% 117
\BOOKMARK [1][-]{section.12.3}{\376\377\000Q\000u\000a\000n\000t\000u\000m\000\040\000C\000r\000y\000p\000t\000o\000g\000r\000a\000p\000h\000y}{chapter.12}% 118
\BOOKMARK [0][-]{chapter.13}{\376\377\000Q\000u\000a\000n\000t\000u\000m\000\040\000C\000o\000m\000p\000u\000t\000i\000n\000g}{part.4}% 119
\BOOKMARK [1][-]{section.13.1}{\376\377\000B\000a\000s\000i\000c\000\040\000P\000r\000i\000n\000c\000i\000p\000l\000e\000s\000\040\000o\000f\000\040\000Q\000u\000a\000n\000t\000u\000m\000\040\000C\000o\000m\000p\000u\000t\000i\000n\000g}{chapter.13}% 120
\BOOKMARK [2][-]{subsection.13.1.1}{\376\377\000I\000n\000f\000o\000r\000m\000a\000t\000i\000o\000n\000\040\000R\000e\000p\000r\000e\000s\000e\000n\000t\000a\000t\000i\000o\000n\000.\000\040\000C\000l\000a\000s\000s\000i\000c\000a\000l\000\040\000a\000n\000d\000\040\000Q\000u\000a\000n\000t\000u\000m\000\040\000S\000t\000a\000t\000e\000s}{section.13.1}% 121
\BOOKMARK [2][-]{subsection.13.1.2}{\376\377\000R\000e\000v\000e\000r\000s\000i\000b\000l\000e\000\040\000C\000o\000m\000p\000u\000t\000a\000t\000i\000o\000n}{section.13.1}% 122
\BOOKMARK [1][-]{section.13.2}{\376\377\000Q\000u\000a\000n\000t\000u\000m\000\040\000L\000o\000g\000i\000c\000\040\000E\000l\000e\000m\000e\000n\000t\000s}{chapter.13}% 123
\BOOKMARK [2][-]{subsection.13.2.1}{\376\377\000U\000n\000i\000v\000e\000r\000s\000a\000l\000\040\000S\000e\000t\000\040\000o\000f\000\040\000Q\000u\000a\000n\000t\000u\000m\000\040\000G\000a\000t\000e\000s}{section.13.2}% 124
\BOOKMARK [2][-]{subsection.13.2.2}{\376\377\000C\000o\000n\000t\000r\000o\000l\000l\000e\000d\000\040\000E\000l\000e\000m\000e\000n\000t\000s}{section.13.2}% 125
\BOOKMARK [1][-]{section.13.3}{\376\377\000S\000h\000o\000r\000'\000s\000\040\000A\000l\000g\000o\000r\000i\000t\000h\000m}{chapter.13}% 126
\BOOKMARK [2][-]{subsection.13.3.1}{\376\377\000N\000u\000m\000b\000e\000r\000\040\000F\000a\000c\000t\000o\000r\000i\000z\000a\000t\000i\000o\000n\000\040\000a\000n\000d\000\040\000P\000e\000r\000i\000o\000d\000\040\000F\000i\000n\000d\000i\000n\000g\000\040\000o\000f\000\040\000F\000u\000n\000c\000t\000i\000o\000n\000s}{section.13.3}% 127
\BOOKMARK [1][-]{section.13.4}{\376\377\000Q\000u\000a\000n\000t\000u\000m\000\040\000F\000o\000u\000r\000i\000e\000r\000\040\000T\000r\000a\000n\000s\000f\000o\000r\000m}{chapter.13}% 128
\BOOKMARK [2][-]{subsection.13.4.1}{\376\377\000Q\000u\000a\000n\000t\000u\000m\000\040\000F\000o\000u\000r\000i\000e\000r\000\040\000T\000r\000a\000n\000s\000f\000o\000r\000m\000\040\000C\000i\000r\000c\000u\000i\000t}{section.13.4}% 129
\BOOKMARK [2][-]{subsection.13.4.2}{\376\377\000F\000i\000n\000d\000i\000n\000g\000\040\000t\000h\000e\000\040\000p\000e\000r\000i\000o\000d\000\040\000o\000f\000\040\000f\000u\000n\000c\000t\000i\000o\000n\000s\000\040\000u\000s\000i\000n\000g\000\040\000q\000u\000a\000n\000t\000u\000m\000\040\000F\000o\000u\000r\000i\000e\000r\000\040\000t\000r\000a\000n\000s\000f\000o\000r\000m}{section.13.4}% 130
\BOOKMARK [1][-]{section.13.5}{\376\377\000Q\000u\000a\000n\000t\000u\000m\000\040\000F\000o\000u\000r\000i\000e\000r\000\040\000T\000r\000a\000n\000s\000f\000o\000r\000m\000\040\000a\000n\000d\000\040\000D\000i\000s\000c\000r\000e\000t\000e\000\040\000L\000o\000g\000a\000r\000i\000t\000h\000m}{chapter.13}% 131
\BOOKMARK [2][-]{subsection.13.5.1}{\376\377\000T\000w\000o\000-\000d\000i\000m\000e\000n\000s\000i\000o\000n\000a\000l\000\040\000F\000o\000u\000r\000i\000e\000r\000\040\000T\000r\000a\000n\000s\000f\000o\000r\000m\000\040\000a\000n\000d\000\040\000P\000e\000r\000i\000o\000d\000\040\000o\000f\000\040\000t\000h\000e\000\040\000F\000u\000n\000c\000t\000i\000o\000n\000\040\000f\000\050\000x\0001\000,\000\040\000x\0002\000\051}{section.13.5}% 132
\BOOKMARK [2][-]{subsection.13.5.2}{\376\377\000T\000w\000o\000-\000d\000i\000m\000e\000n\000s\000i\000o\000n\000a\000l\000\040\000Q\000u\000a\000n\000t\000u\000m\000\040\000F\000o\000u\000r\000i\000e\000r\000\040\000T\000r\000a\000n\000s\000f\000o\000r\000m}{section.13.5}% 133
\BOOKMARK [1][-]{section.13.6}{\376\377\000S\000h\000o\000r\000'\000s\000\040\000A\000l\000g\000o\000r\000i\000t\000h\000m\000\040\000a\000n\000d\000\040\000t\000h\000e\000\040\000D\000i\000s\000c\000r\000e\000t\000e\000\040\000L\000o\000g\000a\000r\000i\000t\000h\000m\000\040\000o\000n\000\040\000E\000l\000l\000i\000p\000t\000i\000c\000\040\000C\000u\000r\000v\000e\000s}{chapter.13}% 134
\BOOKMARK [1][-]{section.13.7}{\376\377\000G\000r\000o\000v\000e\000r\000'\000s\000\040\000A\000l\000g\000o\000r\000i\000t\000h\000m}{chapter.13}% 135
\BOOKMARK [2][-]{subsection.13.7.1}{\376\377\000A\000l\000g\000o\000r\000i\000t\000h\000m\000\040\000D\000e\000s\000c\000r\000i\000p\000t\000i\000o\000n}{section.13.7}% 136
\BOOKMARK [2][-]{subsection.13.7.2}{\376\377\000A\000n\000a\000l\000y\000s\000i\000s\000\040\000o\000f\000\040\000G\000r\000o\000v\000e\000r\000'\000s\000\040\000A\000l\000g\000o\000r\000i\000t\000h\000m}{section.13.7}% 137
\BOOKMARK [2][-]{subsection.13.7.3}{\376\377\000\040\000I\000m\000p\000l\000e\000m\000e\000n\000t\000a\000t\000i\000o\000n\000\040\000o\000f\000\040\000b\000a\000s\000i\000c\000\040\000e\000l\000e\000m\000e\000n\000t\000s\000\040\000o\000f\000\040\000G\000r\000o\000v\000e\000r\000'\000s\000\040\000a\000l\000g\000o\000r\000i\000t\000h\000m}{section.13.7}% 138
\BOOKMARK [1][-]{section.13.8}{\376\377\000A\000d\000i\000a\000b\000a\000t\000i\000c\000\040\000Q\000u\000a\000n\000t\000u\000m\000\040\000C\000o\000m\000p\000u\000t\000e\000r\000s}{chapter.13}% 139
\BOOKMARK [1][-]{section.13.9}{\376\377\000A\000l\000g\000o\000r\000i\000t\000h\000m\000\040\000C\000o\000m\000p\000l\000e\000x\000i\000t\000y\000\040\000T\000h\000e\000o\000r\000y\000\040\000a\000n\000d\000\040\000Q\000u\000a\000n\000t\000u\000m\000\040\000C\000o\000m\000p\000u\000t\000i\000n\000g}{chapter.13}% 140
\BOOKMARK [2][-]{subsection.13.9.1}{\376\377\000A\000l\000g\000o\000r\000i\000t\000h\000m\000\040\000C\000o\000m\000p\000l\000e\000x\000i\000t\000y\000\040\000C\000l\000a\000s\000s\000e\000s\000\040\000P\000,\000\040\000N\000P\000,\000\040\000B\000Q\000P\000\040}{section.13.9}% 141
\BOOKMARK [-1][-]{part.5}{\376\377\0005\000\040\000A\000p\000p\000e\000n\000d\000i\000c\000e\000s}{}% 142
\BOOKMARK [0][-]{chapter.14}{\376\377\000F\000u\000n\000d\000a\000m\000e\000n\000t\000a\000l\000s\000\040\000o\000f\000\040\000Q\000u\000a\000n\000t\000u\000m\000\040\000M\000e\000c\000h\000a\000n\000i\000c\000s}{part.5}% 143
\BOOKMARK [1][-]{section.14.1}{\376\377\000D\000i\000r\000a\000c\000\040\000F\000o\000r\000m\000u\000l\000a\000t\000i\000o\000n\000\040\000o\000f\000\040\000Q\000u\000a\000n\000t\000u\000m\000\040\000M\000e\000c\000h\000a\000n\000i\000c\000s}{chapter.14}% 144
\BOOKMARK [2][-]{subsection.14.1.1}{\376\377\000K\000e\000t\000-\000v\000e\000c\000t\000o\000r}{section.14.1}% 145
\BOOKMARK [2][-]{subsection.14.1.2}{\376\377\000B\000r\000a\000-\000v\000e\000c\000t\000o\000r\000s}{section.14.1}% 146
\BOOKMARK [2][-]{subsection.14.1.3}{\376\377\000O\000p\000e\000r\000a\000t\000o\000r\000s}{section.14.1}% 147
\BOOKMARK [2][-]{subsection.14.1.4}{\376\377\000E\000i\000g\000e\000n\000v\000a\000l\000u\000e\000s\000\040\000a\000n\000d\000\040\000e\000i\000g\000e\000n\000v\000e\000c\000t\000o\000r\000s\000\040\000o\000f\000\040\000o\000p\000e\000r\000a\000t\000o\000r\000s}{section.14.1}% 148
\BOOKMARK [2][-]{subsection.14.1.5}{\376\377\000O\000b\000s\000e\000r\000v\000a\000b\000l\000e\000s\000.\000\040\000E\000x\000p\000a\000n\000s\000i\000o\000n\000\040\000i\000n\000\040\000e\000i\000g\000e\000n\000v\000e\000c\000t\000o\000r\000s\000.\000\040\000C\000o\000m\000p\000l\000e\000t\000e\000n\000e\000s\000s\000\040\000o\000f\000\040\000s\000e\000t\000\040\000o\000f\000\040\000e\000i\000g\000e\000n\000v\000e\000c\000t\000o\000r\000s}{section.14.1}% 149
\BOOKMARK [2][-]{subsection.14.1.6}{\376\377\000P\000r\000o\000j\000e\000c\000t\000i\000o\000n\000\040\000o\000p\000e\000r\000a\000t\000o\000r}{section.14.1}% 150
\BOOKMARK [2][-]{subsection.14.1.7}{\376\377\000T\000r\000a\000c\000e\000\040\000o\000f\000\040\000a\000n\000\040\000o\000p\000e\000r\000a\000t\000o\000r}{section.14.1}% 151
\BOOKMARK [2][-]{subsection.14.1.8}{\376\377\000M\000e\000a\000n\000\040\000v\000a\000l\000u\000e\000s\000\040\000o\000f\000\040\000o\000p\000e\000r\000a\000t\000o\000r\000s}{section.14.1}% 152
\BOOKMARK [2][-]{subsection.14.1.9}{\376\377\000R\000e\000p\000r\000e\000s\000e\000n\000t\000a\000t\000i\000o\000n\000\040\000o\000f\000\040\000o\000p\000e\000r\000a\000t\000o\000r\000s\000\040\000t\000h\000r\000o\000u\000g\000h\000\040\000o\000u\000t\000e\000r\000\040\000p\000r\000o\000d\000u\000c\000t\000s\000\040\000o\000f\000\040\000e\000i\000g\000e\000n\000v\000e\000c\000t\000o\000r\000s}{section.14.1}% 153
\BOOKMARK [2][-]{subsection.14.1.10}{\376\377\000W\000a\000v\000e\000\040\000f\000u\000n\000c\000t\000i\000o\000n\000s\000\040\000i\000n\000\040\000c\000o\000o\000r\000d\000i\000n\000a\000t\000e\000\040\000a\000n\000d\000\040\000m\000o\000m\000e\000n\000t\000u\000m\000\040\000r\000e\000p\000r\000e\000s\000e\000n\000t\000a\000t\000i\000o\000n\000s}{section.14.1}% 154
\BOOKMARK [1][-]{section.14.2}{\376\377\000D\000y\000n\000a\000m\000i\000c\000s\000\040\000o\000f\000\040\000w\000a\000v\000e\000\040\000f\000u\000n\000c\000t\000i\000o\000n\000\040\000c\000h\000a\000n\000g\000e}{chapter.14}% 155
\BOOKMARK [2][-]{subsection.14.2.1}{\376\377\000S\000c\000h\000r\000\366\000d\000i\000n\000g\000e\000r\000\040\000E\000q\000u\000a\000t\000i\000o\000n}{section.14.2}% 156
\BOOKMARK [2][-]{subsection.14.2.2}{\376\377\000D\000i\000f\000f\000e\000r\000e\000n\000c\000e\000s\000\040\000b\000e\000t\000w\000e\000e\000n\000\040\000p\000u\000r\000e\000\040\000a\000n\000d\000\040\000m\000i\000x\000e\000d\000\040\000s\000t\000a\000t\000e\000s\000.\000\040\000D\000e\000c\000o\000h\000e\000r\000e\000n\000c\000e}{section.14.2}% 157
\BOOKMARK [2][-]{subsection.14.2.3}{\376\377\000C\000o\000l\000l\000a\000p\000s\000e\000\040\000o\000f\000\040\000t\000h\000e\000\040\000w\000a\000v\000e\000\040\000f\000u\000n\000c\000t\000i\000o\000n\000.\000\040\000M\000e\000a\000s\000u\000r\000e\000m\000e\000n\000t\000\040\000i\000n\000\040\000q\000u\000a\000n\000t\000u\000m\000\040\000m\000e\000c\000h\000a\000n\000i\000c\000s}{section.14.2}% 158
\BOOKMARK [1][-]{section.14.3}{\376\377\000M\000e\000a\000s\000u\000r\000a\000b\000i\000l\000i\000t\000y\000\040\000o\000f\000\040\000P\000h\000y\000s\000i\000c\000a\000l\000\040\000Q\000u\000a\000n\000t\000i\000t\000i\000e\000s}{chapter.14}% 159
\BOOKMARK [2][-]{subsection.14.3.1}{\376\377\000H\000e\000i\000s\000e\000n\000b\000e\000r\000g\000\040\000U\000n\000c\000e\000r\000t\000a\000i\000n\000t\000y\000\040\000P\000r\000i\000n\000c\000i\000p\000l\000e}{section.14.3}% 160
\BOOKMARK [2][-]{subsection.14.3.2}{\376\377\000E\000n\000e\000r\000g\000y\000-\000T\000i\000m\000e\000\040\000U\000n\000c\000e\000r\000t\000a\000i\000n\000t\000y\000\040\000R\000e\000l\000a\000t\000i\000o\000n}{section.14.3}% 161
\BOOKMARK [2][-]{subsection.14.3.3}{\376\377\000S\000i\000m\000u\000l\000t\000a\000n\000e\000o\000u\000s\000\040\000M\000e\000a\000s\000u\000r\000a\000b\000i\000l\000i\000t\000y\000\040\000o\000f\000\040\000P\000h\000y\000s\000i\000c\000a\000l\000\040\000Q\000u\000a\000n\000t\000i\000t\000i\000e\000s}{section.14.3}% 162
\BOOKMARK [1][-]{section.14.4}{\376\377\000Q\000u\000a\000n\000t\000i\000z\000a\000t\000i\000o\000n\000\040\000P\000r\000o\000c\000e\000d\000u\000r\000e}{chapter.14}% 163
\BOOKMARK [2][-]{subsection.14.4.1}{\376\377\000G\000e\000n\000e\000r\000a\000l\000i\000z\000e\000d\000\040\000C\000o\000o\000r\000d\000i\000n\000a\000t\000e\000s\000\040\000a\000n\000d\000\040\000M\000o\000m\000e\000n\000t\000a}{section.14.4}% 164
\BOOKMARK [2][-]{subsection.14.4.2}{\376\377\000Q\000u\000a\000n\000t\000i\000z\000a\000t\000i\000o\000n\000\040\000o\000f\000\040\000A\000n\000g\000u\000l\000a\000r\000\040\000M\000o\000m\000e\000n\000t\000u\000m}{section.14.4}% 165
\BOOKMARK [1][-]{section.14.5}{\376\377\000C\000o\000m\000p\000o\000s\000i\000t\000e\000\040\000S\000y\000s\000t\000e\000m\000s}{chapter.14}% 166
\BOOKMARK [1][-]{section.14.6}{\376\377\000C\000o\000o\000r\000d\000i\000n\000a\000t\000e\000\040\000r\000e\000p\000r\000e\000s\000e\000n\000t\000a\000t\000i\000o\000n\000\040\000o\000f\000\040\000a\000\040\000c\000o\000h\000e\000r\000e\000n\000t\000\040\000s\000t\000a\000t\000e}{chapter.14}% 167
\BOOKMARK [1][-]{section.14.7}{\376\377\000A\000d\000i\000a\000b\000a\000t\000i\000c\000\040\000T\000h\000e\000o\000r\000e\000m}{chapter.14}% 168
\BOOKMARK [1][-]{section.14.8}{\376\377\000B\000o\000s\000o\000n\000s\000\040\000a\000n\000d\000\040\000F\000e\000r\000m\000i\000o\000n\000s}{chapter.14}% 169
\BOOKMARK [1][-]{section.14.9}{\376\377\000F\000e\000r\000m\000i\000'\000s\000\040\000G\000o\000l\000d\000e\000n\000\040\000R\000u\000l\000e}{chapter.14}% 170
\BOOKMARK [0][-]{chapter.15}{\376\377\000P\000r\000o\000b\000a\000b\000i\000l\000i\000t\000y\000\040\000T\000h\000e\000o\000r\000y}{part.5}% 171
\BOOKMARK [1][-]{section.15.1}{\376\377\000S\000e\000t\000\040\000a\000l\000g\000e\000b\000r\000a\000\040\000a\000n\000d\000\040\000b\000a\000s\000i\000c\000\040\000c\000o\000n\000c\000e\000p\000t\000s\000\040\000o\000f\000\040\000p\000r\000o\000b\000a\000b\000i\000l\000i\000t\000y\000\040\000t\000h\000e\000o\000r\000y}{chapter.15}% 172
\BOOKMARK [1][-]{section.15.2}{\376\377\000C\000l\000a\000s\000s\000i\000c\000a\000l\000\040\000K\000o\000l\000m\000o\000g\000o\000r\000o\000v\000\040\000P\000r\000o\000b\000a\000b\000i\000l\000i\000t\000y\000\040\000T\000h\000e\000o\000r\000y}{chapter.15}% 173
\BOOKMARK [2][-]{subsection.15.2.1}{\376\377\000B\000a\000s\000i\000c\000\040\000C\000o\000n\000c\000e\000p\000t\000s\000\040\000a\000n\000d\000\040\000A\000x\000i\000o\000m\000s\000\040\000o\000f\000\040\000P\000r\000o\000b\000a\000b\000i\000l\000i\000t\000y\000\040\000T\000h\000e\000o\000r\000y}{section.15.2}% 174
\BOOKMARK [2][-]{subsection.15.2.2}{\376\377\000R\000a\000n\000d\000o\000m\000\040\000V\000a\000r\000i\000a\000b\000l\000e\000.\000\040\000D\000i\000s\000t\000r\000i\000b\000u\000t\000i\000o\000n\000\040\000F\000u\000n\000c\000t\000i\000o\000n\000s}{section.15.2}% 175
\BOOKMARK [2][-]{subsection.15.2.3}{\376\377\000P\000o\000i\000s\000s\000o\000n\000\040\000D\000i\000s\000t\000r\000i\000b\000u\000t\000i\000o\000n}{section.15.2}% 176
\BOOKMARK [2][-]{subsection.15.2.4}{\376\377\000R\000a\000n\000d\000o\000m\000\040\000P\000r\000o\000c\000e\000s\000s\000e\000s}{section.15.2}% 177
\BOOKMARK [1][-]{section.15.3}{\376\377\000Q\000u\000a\000n\000t\000u\000m\000\040\000P\000r\000o\000b\000a\000b\000i\000l\000i\000t\000y\000\040\000T\000h\000e\000o\000r\000y}{chapter.15}% 178
\BOOKMARK [0][-]{chapter.16}{\376\377\000A\000b\000s\000t\000r\000a\000c\000t\000\040\000A\000l\000g\000e\000b\000r\000a}{part.5}% 179
\BOOKMARK [1][-]{section.16.1}{\376\377\000I\000n\000t\000r\000o\000d\000u\000c\000t\000i\000o\000n\000\040\000t\000o\000\040\000G\000r\000o\000u\000p\000\040\000T\000h\000e\000o\000r\000y}{chapter.16}% 180
\BOOKMARK [1][-]{section.16.2}{\376\377\000F\000i\000e\000l\000d\000s}{chapter.16}% 181
\BOOKMARK [0][-]{chapter.17}{\376\377\000L\000i\000n\000e\000a\000r\000\040\000A\000l\000g\000e\000b\000r\000a}{part.5}% 182
\BOOKMARK [1][-]{section.17.1}{\376\377\000L\000i\000n\000e\000a\000r\000\040\000S\000p\000a\000c\000e}{chapter.17}% 183
\BOOKMARK [2][-]{subsection.17.1.1}{\376\377\000D\000i\000r\000e\000c\000t\000\040\000s\000u\000m\000\040\000o\000f\000\040\000l\000i\000n\000e\000a\000r\000\040\000s\000p\000a\000c\000e\000s\000\040\000a\000n\000d\000\040\000t\000e\000n\000s\000o\000r\000\040\000p\000r\000o\000d\000u\000c\000t}{section.17.1}% 184
\BOOKMARK [2][-]{subsection.17.1.2}{\376\377\000T\000h\000e\000o\000r\000e\000m\000\040\000o\000n\000\040\000O\000p\000e\000r\000a\000t\000o\000r\000\040\000D\000e\000c\000o\000m\000p\000o\000s\000i\000t\000i\000o\000n}{section.17.1}% 185
\BOOKMARK [1][-]{section.17.2}{\376\377\000H\000i\000l\000b\000e\000r\000t\000\040\000S\000p\000a\000c\000e}{chapter.17}% 186
\BOOKMARK [2][-]{subsection.17.2.1}{\376\377\000S\000t\000o\000n\000e\000'\000s\000\040\000T\000h\000e\000o\000r\000e\000m}{section.17.2}% 187
\BOOKMARK [1][-]{section.17.3}{\376\377\000H\000i\000l\000b\000e\000r\000t\000\040\000S\000p\000a\000c\000e}{chapter.17}% 188
\BOOKMARK [2][-]{subsection.17.3.1}{\376\377\000S\000t\000o\000n\000e\000'\000s\000\040\000T\000h\000e\000o\000r\000e\000m}{section.17.3}% 189
\BOOKMARK [0][-]{chapter.18}{\376\377\000F\000o\000u\000r\000i\000e\000r\000\040\000T\000r\000a\000n\000s\000f\000o\000r\000m}{part.5}% 190
\BOOKMARK [1][-]{section.18.1}{\376\377\000F\000o\000u\000r\000i\000e\000r\000\040\000T\000r\000a\000n\000s\000f\000o\000r\000m}{chapter.18}% 191
\BOOKMARK [1][-]{section.18.2}{\376\377\000D\000i\000s\000c\000r\000e\000t\000e\000\040\000F\000o\000u\000r\000i\000e\000r\000\040\000T\000r\000a\000n\000s\000f\000o\000r\000m}{chapter.18}% 192
\BOOKMARK [2][-]{subsection.18.2.1}{\376\377\000D\000e\000f\000i\000n\000i\000t\000i\000o\000n}{section.18.2}% 193
\BOOKMARK [2][-]{subsection.18.2.2}{\376\377\000P\000r\000o\000p\000e\000r\000t\000i\000e\000s\000\040\000o\000f\000\040\000t\000h\000e\000\040\000D\000i\000s\000c\000r\000e\000t\000e\000\040\000F\000o\000u\000r\000i\000e\000r\000\040\000T\000r\000a\000n\000s\000f\000o\000r\000m}{section.18.2}% 194
\BOOKMARK [2][-]{subsection.18.2.3}{\376\377\000F\000a\000s\000t\000\040\000F\000o\000u\000r\000i\000e\000r\000\040\000T\000r\000a\000n\000s\000f\000o\000r\000m}{section.18.2}% 195
\BOOKMARK [1][-]{section.18.3}{\376\377\000T\000w\000o\000-\000D\000i\000m\000e\000n\000s\000i\000o\000n\000a\000l\000\040\000F\000o\000u\000r\000i\000e\000r\000\040\000T\000r\000a\000n\000s\000f\000o\000r\000m}{chapter.18}% 196
\BOOKMARK [2][-]{subsection.18.3.1}{\376\377\000D\000e\000f\000i\000n\000i\000t\000i\000o\000n}{section.18.3}% 197
\BOOKMARK [0][-]{chapter.19}{\376\377\000D\000i\000s\000c\000r\000e\000t\000e\000\040\000M\000a\000t\000h\000e\000m\000a\000t\000i\000c\000s}{part.5}% 198
\BOOKMARK [1][-]{section.19.1}{\376\377\000G\000r\000e\000a\000t\000e\000s\000t\000\040\000C\000o\000m\000m\000o\000n\000\040\000D\000i\000v\000i\000s\000o\000r\000.\000\040\000E\000u\000c\000l\000i\000d\000e\000a\000n\000\040\000A\000l\000g\000o\000r\000i\000t\000h\000m}{chapter.19}% 199
\BOOKMARK [2][-]{subsection.19.1.1}{\376\377\000B\000e\000z\000o\000u\000t\000'\000s\000\040\000I\000d\000e\000n\000t\000i\000t\000y}{section.19.1}% 200
\BOOKMARK [1][-]{section.19.2}{\376\377\000M\000o\000d\000u\000l\000a\000r\000\040\000A\000r\000i\000t\000h\000m\000e\000t\000i\000c}{chapter.19}% 201
\BOOKMARK [2][-]{subsection.19.2.1}{\376\377\000A\000r\000i\000t\000h\000m\000e\000t\000i\000c\000\040\000O\000p\000e\000r\000a\000t\000i\000o\000n\000s}{section.19.2}% 202
\BOOKMARK [2][-]{subsection.19.2.2}{\376\377\000S\000o\000l\000v\000i\000n\000g\000\040\000E\000q\000u\000a\000t\000i\000o\000n\000s}{section.19.2}% 203
\BOOKMARK [2][-]{subsection.19.2.3}{\376\377\000T\000h\000e\000\040\000F\000i\000e\000l\000d\000\040\000F\000p}{section.19.2}% 204
\BOOKMARK [1][-]{section.19.3}{\376\377\000E\000u\000l\000e\000r\000'\000s\000\040\000F\000u\000n\000c\000t\000i\000o\000n}{chapter.19}% 205
\BOOKMARK [2][-]{subsection.19.3.1}{\376\377\000D\000e\000f\000i\000n\000i\000t\000i\000o\000n}{section.19.3}% 206
\BOOKMARK [2][-]{subsection.19.3.2}{\376\377\000P\000r\000o\000p\000e\000r\000t\000i\000e\000s}{section.19.3}% 207
\BOOKMARK [1][-]{section.19.4}{\376\377\000F\000e\000r\000m\000a\000t\000'\000s\000\040\000L\000i\000t\000t\000l\000e\000\040\000T\000h\000e\000o\000r\000e\000m}{chapter.19}% 208
\BOOKMARK [2][-]{subsection.19.4.1}{\376\377\000P\000s\000e\000u\000d\000o\000p\000r\000i\000m\000e\000\040\000n\000u\000m\000b\000e\000r\000s}{section.19.4}% 209
\BOOKMARK [1][-]{section.19.5}{\376\377\000C\000h\000i\000n\000e\000s\000e\000\040\000R\000e\000m\000a\000i\000n\000d\000e\000r\000\040\000T\000h\000e\000o\000r\000e\000m}{chapter.19}% 210
\BOOKMARK [1][-]{section.19.6}{\376\377\000R\000S\000A\000\040\000A\000l\000g\000o\000r\000i\000t\000h\000m}{chapter.19}% 211
\BOOKMARK [2][-]{subsection.19.6.1}{\376\377\000K\000e\000y\000\040\000G\000e\000n\000e\000r\000a\000t\000i\000o\000n}{section.19.6}% 212
\BOOKMARK [2][-]{subsection.19.6.2}{\376\377\000E\000n\000c\000r\000y\000p\000t\000i\000o\000n}{section.19.6}% 213
\BOOKMARK [2][-]{subsection.19.6.3}{\376\377\000D\000e\000c\000r\000y\000p\000t\000i\000o\000n}{section.19.6}% 214
\BOOKMARK [2][-]{subsection.19.6.4}{\376\377\000P\000r\000o\000o\000f}{section.19.6}% 215
\BOOKMARK [1][-]{section.19.7}{\376\377\000D\000i\000s\000c\000r\000e\000t\000e\000\040\000L\000o\000g\000a\000r\000i\000t\000h\000m}{chapter.19}% 216
\BOOKMARK [1][-]{section.19.8}{\376\377\000D\000i\000f\000f\000i\000e\000-\000H\000e\000l\000l\000m\000a\000n\000\040\000P\000r\000o\000t\000o\000c\000o\000l\000\040\000\050\000D\000i\000f\000f\000i\000e\000-\000H\000e\000l\000l\000m\000a\000n\000,\000\040\000D\000H\000\051}{chapter.19}% 217
\BOOKMARK [1][-]{section.19.9}{\376\377\000E\000l\000g\000a\000m\000a\000l\000\040\000S\000c\000h\000e\000m\000e}{chapter.19}% 218
\BOOKMARK [2][-]{subsection.19.9.1}{\376\377\000K\000e\000y\000\040\000G\000e\000n\000e\000r\000a\000t\000i\000o\000n}{section.19.9}% 219
\BOOKMARK [2][-]{subsection.19.9.2}{\376\377\000E\000n\000c\000r\000y\000p\000t\000i\000o\000n}{section.19.9}% 220
\BOOKMARK [2][-]{subsection.19.9.3}{\376\377\000D\000e\000c\000r\000y\000p\000t\000i\000o\000n}{section.19.9}% 221
\BOOKMARK [1][-]{section.19.10}{\376\377\000E\000l\000l\000i\000p\000t\000i\000c\000\040\000C\000r\000y\000p\000t\000o\000g\000r\000a\000p\000h\000y}{chapter.19}% 222
\BOOKMARK [2][-]{subsection.19.10.1}{\376\377\000E\000l\000l\000i\000p\000t\000i\000c\000\040\000C\000u\000r\000v\000e\000s\000\040\000o\000v\000e\000r\000\040\000t\000h\000e\000\040\000F\000i\000e\000l\000d\000\040\000R}{section.19.10}% 223
\BOOKMARK [2][-]{subsection.19.10.2}{\376\377\000E\000l\000l\000i\000p\000t\000i\000c\000\040\000C\000u\000r\000v\000e\000s\000\040\000o\000v\000e\000r\000\040\000t\000h\000e\000\040\000F\000i\000e\000l\000d\000\040\000F\000p}{section.19.10}% 224
\BOOKMARK [2][-]{subsection.19.10.3}{\376\377\000S\000c\000a\000l\000a\000r\000\040\000M\000u\000l\000t\000i\000p\000l\000i\000c\000a\000t\000i\000o\000n\000\040\000a\000n\000d\000\040\000D\000i\000s\000c\000r\000e\000t\000e\000\040\000L\000o\000g\000a\000r\000i\000t\000h\000m}{section.19.10}% 225
\BOOKMARK [1][-]{section.19.11}{\376\377\000E\000C\000D\000H\000\040\000A\000l\000g\000o\000r\000i\000t\000h\000m}{chapter.19}% 226
\BOOKMARK [0][-]{chapter.20}{\376\377\000A\000l\000g\000o\000r\000i\000t\000h\000m\000\040\000T\000h\000e\000o\000r\000y}{part.5}% 227
\BOOKMARK [1][-]{section.20.1}{\376\377\000M\000a\000s\000t\000e\000r\000\040\000T\000h\000e\000o\000r\000e\000m\000\040\000f\000o\000r\000\040\000R\000e\000c\000u\000r\000r\000e\000n\000c\000e\000\040\000R\000e\000l\000a\000t\000i\000o\000n\000s}{chapter.20}% 228
\BOOKMARK [1][-]{section.20.2}{\376\377\000D\000i\000v\000i\000d\000e\000\040\000a\000n\000d\000\040\000C\000o\000n\000q\000u\000e\000r}{chapter.20}% 229
\BOOKMARK [1][-]{section.20.3}{\376\377\000B\000o\000o\000l\000e\000a\000n\000\040\000L\000o\000g\000i\000c\000.\000\040\000C\000N\000F\000\040\000B\000o\000o\000l\000e\000a\000n\000\040\000F\000o\000r\000m\000u\000l\000a\000s}{chapter.20}% 230
\BOOKMARK [1][-]{section.20.4}{\376\377\000T\000u\000r\000i\000n\000g\000\040\000M\000a\000c\000h\000i\000n\000e}{chapter.20}% 231
\BOOKMARK [1][-]{section.20.5}{\376\377\000C\000o\000m\000p\000u\000t\000a\000b\000i\000l\000i\000t\000y\000\040\000T\000h\000e\000o\000r\000y}{chapter.20}% 232
\BOOKMARK [1][-]{section.20.6}{\376\377\000C\000o\000m\000p\000l\000e\000x\000i\000t\000y\000\040\000C\000l\000a\000s\000s\000e\000s\000\040\000P\000,\000\040\000N\000P}{chapter.20}% 233
\BOOKMARK [2][-]{subsection.20.6.1}{\376\377\000H\000i\000e\000r\000a\000r\000c\000h\000y\000\040\000o\000f\000\040\000C\000o\000m\000p\000l\000e\000x\000i\000t\000y\000\040\000C\000l\000a\000s\000s\000e\000s}{section.20.6}% 234
\BOOKMARK [2][-]{subsection.20.6.2}{\376\377\000C\000o\000o\000k\000-\000L\000e\000v\000i\000n\000\040\000T\000h\000e\000o\000r\000e\000m}{section.20.6}% 235
\BOOKMARK [-1][-]{part.6}{\376\377\0006\000\040\000A\000n\000s\000w\000e\000r\000s\000\040\000t\000o\000\040\000Q\000u\000e\000s\000t\000i\000o\000n\000s}{}% 236
\BOOKMARK [0][-]{chapter.21}{\376\377\000Q\000u\000a\000n\000t\000u\000m\000\040\000E\000l\000e\000c\000t\000r\000o\000d\000y\000n\000a\000m\000i\000c\000s}{part.6}% 237
\BOOKMARK [1][-]{section.21.1}{\376\377\000Q\000u\000a\000n\000t\000i\000z\000a\000t\000i\000o\000n\000\040\000o\000f\000\040\000t\000h\000e\000\040\000E\000l\000e\000c\000t\000r\000o\000m\000a\000g\000n\000e\000t\000i\000c\000\040\000F\000i\000e\000l\000d}{chapter.21}% 238
\BOOKMARK [2][-]{subsection.21.1.1}{\376\377\0005\000:\000\040\000N\000u\000m\000b\000e\000r\000\040\000o\000f\000\040\000m\000o\000d\000e\000s}{section.21.1}% 239
\BOOKMARK [1][-]{section.21.2}{\376\377\000I\000n\000t\000e\000r\000a\000c\000t\000i\000o\000n\000\040\000o\000f\000\040\000L\000i\000g\000h\000t\000\040\000w\000i\000t\000h\000\040\000a\000n\000\040\000A\000t\000o\000m}{chapter.21}% 240
\BOOKMARK [2][-]{subsection.21.2.1}{\376\377\0001\0003\000:\000\040\000D\000e\000t\000e\000r\000m\000i\000n\000a\000t\000i\000o\000n\000\040\000o\000f\000\040\000l\000i\000t\000h\000i\000u\000m\000\040\000a\000t\000o\000m\000\040\000t\000r\000a\000n\000s\000i\000t\000i\000o\000n\000\040\000f\000r\000e\000q\000u\000e\000n\000c\000y}{section.21.2}% 241
\BOOKMARK [0][-]{chapter.22}{\376\377\000Q\000u\000a\000n\000t\000u\000m\000\040\000O\000p\000t\000i\000c\000s}{part.6}% 242
\BOOKMARK [1][-]{section.22.1}{\376\377\000Q\000u\000a\000n\000t\000u\000m\000\040\000T\000h\000e\000o\000r\000y\000\040\000o\000f\000\040\000t\000h\000e\000\040\000L\000a\000s\000e\000r}{chapter.22}% 243
\BOOKMARK [2][-]{subsection.22.1.1}{\376\377\0006\000:\000\040\000N\000a\000t\000u\000r\000a\000l\000\040\000l\000i\000n\000e\000\040\000w\000i\000d\000t\000h}{section.22.1}% 244
